-------------------------------------------------------------------------------
Test set: com.victor.orderservice.ProductServiceApplicationTests
-------------------------------------------------------------------------------
Tests run: 1, Failures: 0, Errors: 1, Skipped: 0, Time elapsed: 0.36 s <<< FAILURE! - in com.victor.orderservice.ProductServiceApplicationTests
com.victor.orderservice.ProductServiceApplicationTests  Time elapsed: 0.359 s  <<< ERROR!
java.lang.IllegalStateException: Unable to find a @SpringBootConfiguration, you need to use @ContextConfiguration or @SpringBootTest(classes=...) with your test

